mode: atomic
github.com/Rigry/tcp_server/server/modbus.go:18.47,19.22 1 8
github.com/Rigry/tcp_server/server/modbus.go:23.2,32.20 2 7
github.com/Rigry/tcp_server/server/modbus.go:19.22,21.3 1 1
github.com/Rigry/tcp_server/server/modbus.go:35.76,40.2 4 7
github.com/Rigry/tcp_server/server/modbus.go:42.47,44.2 1 3
github.com/Rigry/tcp_server/server/server.go:27.21,36.2 6 7
github.com/Rigry/tcp_server/server/server.go:39.44,41.16 2 0
github.com/Rigry/tcp_server/server/server.go:45.2,49.12 3 0
github.com/Rigry/tcp_server/server/server.go:41.16,44.3 2 0
github.com/Rigry/tcp_server/server/server.go:52.63,53.6 1 0
github.com/Rigry/tcp_server/server/server.go:53.6,55.17 2 0
github.com/Rigry/tcp_server/server/server.go:60.3,60.26 1 0
github.com/Rigry/tcp_server/server/server.go:55.17,58.4 2 0
github.com/Rigry/tcp_server/server/server.go:60.26,62.8 2 0
github.com/Rigry/tcp_server/server/server.go:62.8,69.5 5 0
github.com/Rigry/tcp_server/server/server.go:75.31,76.41 1 0
github.com/Rigry/tcp_server/server/server.go:76.41,78.3 1 0
github.com/Rigry/tcp_server/server/server.go:82.44,84.2 1 2
github.com/Rigry/tcp_server/server/server.go:87.50,90.49 2 3
github.com/Rigry/tcp_server/server/server.go:95.2,95.38 1 2
github.com/Rigry/tcp_server/server/server.go:102.2,114.8 11 1
github.com/Rigry/tcp_server/server/server.go:90.49,93.3 2 1
github.com/Rigry/tcp_server/server/server.go:95.38,96.63 1 3
github.com/Rigry/tcp_server/server/server.go:96.63,99.4 2 1
github.com/Rigry/tcp_server/server/server.go:118.50,121.49 2 3
github.com/Rigry/tcp_server/server/server.go:126.2,127.32 2 2
github.com/Rigry/tcp_server/server/server.go:131.2,145.38 12 1
github.com/Rigry/tcp_server/server/server.go:149.2,149.8 1 1
github.com/Rigry/tcp_server/server/server.go:121.49,124.3 2 1
github.com/Rigry/tcp_server/server/server.go:127.32,130.3 2 1
github.com/Rigry/tcp_server/server/server.go:145.38,147.3 1 2
github.com/Rigry/tcp_server/server/server.go:157.67,167.2 8 5
github.com/Rigry/tcp_server/server/server.go:169.44,172.31 2 2
github.com/Rigry/tcp_server/server/server.go:175.2,175.14 1 2
github.com/Rigry/tcp_server/server/server.go:172.31,174.3 1 4
github.com/Rigry/tcp_server/server/server.go:178.43,181.24 2 3
github.com/Rigry/tcp_server/server/server.go:184.2,184.15 1 3
github.com/Rigry/tcp_server/server/server.go:181.24,183.3 1 5
github.com/Rigry/tcp_server/server/server.go:188.39,189.32 1 0
github.com/Rigry/tcp_server/server/server.go:190.12,191.39 1 0
github.com/Rigry/tcp_server/server/server.go:192.12,193.39 1 0
github.com/Rigry/tcp_server/server/server.go:194.10,195.51 1 0
